#
# There is insufficient memory for the Java Runtime Environment to continue.
# Native memory allocation (mmap) failed to map 234881024 bytes. Error detail: G1 virtual space
# Possible reasons:
#   The system is out of physical RAM or swap space
#   This process is running with CompressedOops enabled, and the Java Heap may be blocking the growth of the native heap
# Possible solutions:
#   Reduce memory load on the system
#   Increase physical memory or swap space
#   Check if swap backing store is full
#   Decrease Java heap size (-Xmx/-Xms)
#   Decrease number of Java threads
#   Decrease Java thread stack sizes (-Xss)
#   Set larger code cache with -XX:ReservedCodeCacheSize=
#   JVM is running with Zero Based Compressed Oops mode in which the Java heap is
#     placed in the first 32GB address space. The Java Heap base address is the
#     maximum limit for the native heap growth. Please use -XX:HeapBaseMinAddress
#     to set the Java Heap base and to place the Java Heap above 32GB virtual address.
# This output file may be truncated or incomplete.
#
#  Out of Memory Error (os_windows.cpp:3828), pid=9380, tid=14060
#
# JRE version:  (21.0.4) (build )
# Java VM: OpenJDK 64-Bit Server VM (21.0.4+-12508038-b607.1, mixed mode, sharing, tiered, compressed oops, compressed class ptrs, g1 gc, windows-amd64)
# No core dump will be written. Minidumps are not enabled by default on client versions of Windows
#

---------------  S U M M A R Y ------------

Command Line: 

Host: AMD Ryzen 5 5600G with Radeon Graphics         , 12 cores, 13G,  Windows 11 , 64 bit Build 26100 (10.0.26100.3037)
Time: Wed Feb 26 06:38:31 2025 Bangladesh Standard Time elapsed time: 1.100745 seconds (0d 0h 0m 1s)

---------------  T H R E A D  ---------------

Current thread (0x0000023c8cf8d600):  JavaThread "Unknown thread" [_thread_in_vm, id=14060, stack(0x00000099cbd00000,0x00000099cbe00000) (1024K)]

Stack: [0x00000099cbd00000,0x00000099cbe00000]
Native frames: (J=compiled Java code, j=interpreted, Vv=VM code, C=native code)
V  [jvm.dll+0x6ce539]
V  [jvm.dll+0x85bf03]
V  [jvm.dll+0x85e45e]
V  [jvm.dll+0x85eb43]
V  [jvm.dll+0x27dd06]
V  [jvm.dll+0x6cada5]
V  [jvm.dll+0x6bf27a]
V  [jvm.dll+0x3541fb]
V  [jvm.dll+0x35be36]
V  [jvm.dll+0x3adbc6]
V  [jvm.dll+0x3ade98]
V  [jvm.dll+0x32691c]
V  [jvm.dll+0x32760b]
V  [jvm.dll+0x823959]
V  [jvm.dll+0x3bacf8]
V  [jvm.dll+0x80cd58]
V  [jvm.dll+0x44ef2e]
V  [jvm.dll+0x450691]
C  [jli.dll+0x52ab]
C  [ucrtbase.dll+0x37b0]
C  [KERNEL32.DLL+0x2e8d7]
C  [ntdll.dll+0xbbf2c]


---------------  P R O C E S S  ---------------

Threads class SMR info:
_java_thread_list=0x00007ffa2739a808, length=0, elements={
}

Java Threads: ( => current thread )
Total: 0

Other Threads:
  0x0000023c8eaa1c00 WorkerThread "GC Thread#0"                     [id=9496, stack(0x00000099cbe00000,0x00000099cbf00000) (1024K)]
  0x0000023c8eab0a30 ConcurrentGCThread "G1 Main Marker"            [id=16136, stack(0x00000099cbf00000,0x00000099cc000000) (1024K)]
  0x0000023c8eab4a40 WorkerThread "G1 Conc#0"                       [id=17532, stack(0x00000099cc000000,0x00000099cc100000) (1024K)]

[error occurred during error reporting (printing all threads), id 0xc0000005, EXCEPTION_ACCESS_VIOLATION (0xc0000005) at pc=0x00007ffa26b99957]
VM state: not at safepoint (not fully initialized)

VM Mutex/Monitor currently owned by a thread:  ([mutex/lock_event])
[0x00007ffa274073f8] Heap_lock - owner thread: 0x0000023c8cf8d600

Heap address: 0x0000000721a00000, size: 3558 MB, Compressed Oops mode: Zero based, Oop shift amount: 3

CDS archive(s) mapped at: [0x0000000000000000-0x0000000000000000-0x0000000000000000), size 0, SharedBaseAddress: 0x0000000800000000, ArchiveRelocationMode: 1.
Narrow klass base: 0x0000000000000000, Narrow klass shift: 0, Narrow klass range: 0x0

GC Precious Log:
 CardTable entry size: 512
 Card Set container configuration: InlinePtr #cards 4 size 8 Array Of Cards #cards 16 size 48 Howl #buckets 8 coarsen threshold 3686 Howl Bitmap #cards 512 size 80 coarsen threshold 460 Card regions per heap region 1 cards per card region 4096

Heap:
 garbage-first heap   total 0K, used 0K [0x0000000721a00000, 0x0000000800000000)
  region size 2048K, 0 young (0K), 0 survivors (0K)
 Metaspace       used 0K, committed 0K, reserved 0K
  class space    used 0K, committed 0K, reserved 0K

Heap Regions: E=young(eden), S=young(survivor), O=old, HS=humongous(starts), HC=humongous(continues), CS=collection set, F=free, TAMS=top-at-mark-start, PB=parsable bottom

Card table byte_map: [0x0000023ca1f90000,0x0000023ca2690000] _byte_map_base: 0x0000023c9e683000

Marking Bits: (CMBitMap*) 0x0000023c8eaa2300
 Bits: [0x0000023ca2690000, 0x0000023ca5e28000)

GC Heap History (0 events):
No events

Dll operation events (1 events):
Event: 0.005 Loaded shared library C:\Program Files\Android\Android Studio\jbr\bin\java.dll

Deoptimization events (0 events):
No events

Classes loaded (0 events):
No events

Classes unloaded (0 events):
No events

Classes redefined (0 events):
No events

Internal exceptions (0 events):
No events

ZGC Phase Switch (0 events):
No events

VM Operations (0 events):
No events

Memory protections (0 events):
No events

Nmethod flushes (0 events):
No events

Events (0 events):
No events


Dynamic libraries:
0x00007ff604b40000 - 0x00007ff604b4a000 	C:\Program Files\Android\Android Studio\jbr\bin\java.EXE
0x00007ffa77a20000 - 0x00007ffa77c83000 	C:\WINDOWS\SYSTEM32\ntdll.dll
0x00007ffa75e10000 - 0x00007ffa75ed7000 	C:\WINDOWS\System32\KERNEL32.DLL
0x00007ffa74f40000 - 0x00007ffa75307000 	C:\WINDOWS\System32\KERNELBASE.dll
0x00007ffa755a0000 - 0x00007ffa756ec000 	C:\WINDOWS\System32\ucrtbase.dll
0x00007ffa5b380000 - 0x00007ffa5b398000 	C:\Program Files\Android\Android Studio\jbr\bin\jli.dll
0x00007ffa71f30000 - 0x00007ffa71f4b000 	C:\Program Files\Android\Android Studio\jbr\bin\VCRUNTIME140.dll
0x00007ffa763a0000 - 0x00007ffa76569000 	C:\WINDOWS\System32\USER32.dll
0x00007ffa568a0000 - 0x00007ffa56b30000 	C:\WINDOWS\WinSxS\amd64_microsoft.windows.common-controls_6595b64144ccf1df_6.0.26100.3037_none_3e09262ce333c378\COMCTL32.dll
0x00007ffa75440000 - 0x00007ffa75467000 	C:\WINDOWS\System32\win32u.dll
0x00007ffa76740000 - 0x00007ffa767e9000 	C:\WINDOWS\System32\msvcrt.dll
0x00007ffa76710000 - 0x00007ffa7673a000 	C:\WINDOWS\System32\GDI32.dll
0x00007ffa75310000 - 0x00007ffa7543b000 	C:\WINDOWS\System32\gdi32full.dll
0x00007ffa757b0000 - 0x00007ffa75853000 	C:\WINDOWS\System32\msvcp_win.dll
0x00007ffa76270000 - 0x00007ffa7629f000 	C:\WINDOWS\System32\IMM32.DLL
0x00007ffa6fe00000 - 0x00007ffa6fe0c000 	C:\Program Files\Android\Android Studio\jbr\bin\vcruntime140_1.dll
0x00007ffa184c0000 - 0x00007ffa1854d000 	C:\Program Files\Android\Android Studio\jbr\bin\msvcp140.dll
0x00007ffa26860000 - 0x00007ffa274e3000 	C:\Program Files\Android\Android Studio\jbr\bin\server\jvm.dll
0x00007ffa761b0000 - 0x00007ffa76264000 	C:\WINDOWS\System32\ADVAPI32.dll
0x00007ffa767f0000 - 0x00007ffa76896000 	C:\WINDOWS\System32\sechost.dll
0x00007ffa75c70000 - 0x00007ffa75d86000 	C:\WINDOWS\System32\RPCRT4.dll
0x00007ffa75d90000 - 0x00007ffa75e04000 	C:\WINDOWS\System32\WS2_32.dll
0x00007ffa74c50000 - 0x00007ffa74c9e000 	C:\WINDOWS\SYSTEM32\POWRPROF.dll
0x00007ffa6e640000 - 0x00007ffa6e676000 	C:\WINDOWS\SYSTEM32\WINMM.dll
0x00007ffa6ed10000 - 0x00007ffa6ed1b000 	C:\WINDOWS\SYSTEM32\VERSION.dll
0x00007ffa74c30000 - 0x00007ffa74c44000 	C:\WINDOWS\SYSTEM32\UMPDC.dll
0x00007ffa73bb0000 - 0x00007ffa73bca000 	C:\WINDOWS\SYSTEM32\kernel.appcore.dll
0x00007ffa6f6e0000 - 0x00007ffa6f6ea000 	C:\Program Files\Android\Android Studio\jbr\bin\jimage.dll
0x00007ffa6b5e0000 - 0x00007ffa6b821000 	C:\WINDOWS\SYSTEM32\DBGHELP.DLL
0x00007ffa758e0000 - 0x00007ffa75c5e000 	C:\WINDOWS\System32\combase.dll
0x00007ffa762c0000 - 0x00007ffa76396000 	C:\WINDOWS\System32\OLEAUT32.dll
0x00007ffa29d20000 - 0x00007ffa29d59000 	C:\WINDOWS\SYSTEM32\dbgcore.DLL
0x00007ffa75500000 - 0x00007ffa75599000 	C:\WINDOWS\System32\bcryptPrimitives.dll
0x00007ffa66610000 - 0x00007ffa66630000 	C:\Program Files\Android\Android Studio\jbr\bin\java.dll

dbghelp: loaded successfully - version: 4.0.5 - missing functions: none
symbol engine: initialized successfully - sym options: 0x614 - pdb path: .;C:\Program Files\Android\Android Studio\jbr\bin;C:\WINDOWS\SYSTEM32;C:\WINDOWS\WinSxS\amd64_microsoft.windows.common-controls_6595b64144ccf1df_6.0.26100.3037_none_3e09262ce333c378;C:\Program Files\Android\Android Studio\jbr\bin\server

VM Arguments:
java_command: <unknown>
java_class_path (initial): <not set>
Launcher Type: SUN_STANDARD

[Global flags]
     intx CICompilerCount                          = 4                                         {product} {ergonomic}
     uint ConcGCThreads                            = 3                                         {product} {ergonomic}
     uint G1ConcRefinementThreads                  = 10                                        {product} {ergonomic}
   size_t G1HeapRegionSize                         = 2097152                                   {product} {ergonomic}
    uintx GCDrainStackTargetSize                   = 64                                        {product} {ergonomic}
   size_t InitialHeapSize                          = 234881024                                 {product} {ergonomic}
   size_t MarkStackSize                            = 4194304                                   {product} {ergonomic}
   size_t MaxHeapSize                              = 3730833408                                {product} {ergonomic}
   size_t MinHeapDeltaBytes                        = 2097152                                   {product} {ergonomic}
   size_t MinHeapSize                              = 8388608                                   {product} {ergonomic}
    uintx NonNMethodCodeHeapSize                   = 5839372                                {pd product} {ergonomic}
    uintx NonProfiledCodeHeapSize                  = 122909434                              {pd product} {ergonomic}
    uintx ProfiledCodeHeapSize                     = 122909434                              {pd product} {ergonomic}
    uintx ReservedCodeCacheSize                    = 251658240                              {pd product} {ergonomic}
     bool SegmentedCodeCache                       = true                                      {product} {ergonomic}
   size_t SoftMaxHeapSize                          = 3730833408                             {manageable} {ergonomic}
     bool UseCompressedOops                        = true                           {product lp64_product} {ergonomic}
     bool UseG1GC                                  = true                                      {product} {ergonomic}
     bool UseLargePagesIndividualAllocation        = false                                  {pd product} {ergonomic}

Logging:
Log output configuration:
 #0: stdout all=warning uptime,level,tags foldmultilines=false
 #1: stderr all=off uptime,level,tags foldmultilines=false

Environment Variables:
PATH=C:\Program Files\Common Files\Oracle\Java\javapath;C:\Users\User\AppData\Local\Programs\Python\Python38\Scripts\;C:\Users\User\AppData\Local\Programs\Python\Python38\;C:\Program Files\Python38\Scripts\;C:\Program Files\Python38\;C:\WINDOWS\system32;C:\WINDOWS;C:\WINDOWS\System32\Wbem;C:\WINDOWS\System32\WindowsPowerShell\v1.0\;C:\WINDOWS\System32\OpenSSH\;C:\MinGW\bin;C:\Users\User\AppData\Local\Packages\PythonSoftwareFoundation.Python.3.13_qbz5n2kfra8p0\LocalCache\Local\Packages\Python313\Scripts;C:\Program Files\Java\jdk-17\bin;C:\Users\User\AppData\Local\Programs\Python\Launcher\;C:\Users\User\AppData\Local\Microsoft\WindowsApps;E:\Code Editor\HTML and CSS\VS Code Data\Microsoft VS Code\bin;C:\MinGW\bin;C:\Users\User\AppData\Local\Programs\Python\Python312\python.exe;C:\Users\User\AppData\Local\Packages\PythonSoftwareFoundation.Python.3.13_qbz5n2kfra8p0\LocalCache\Local\Packages\Python313\Scripts;C:\Users\User\AppData\Local\Packages\PythonSoftwareFoundation.Python.3.13_qbz5n2kfra8p0\LocalCache\Local-Packages\Python313\Scripts;C:\flutter\bin;;C:\flutter\bin\mingit\cmd
USERNAME=Mahadi
OS=Windows_NT
PROCESSOR_IDENTIFIER=AMD64 Family 25 Model 80 Stepping 0, AuthenticAMD
TMP=C:\Users\User\AppData\Local\Temp
TEMP=C:\Users\User\AppData\Local\Temp




Periodic native trim disabled

JNI global refs:
JNI global refs: 0, weak refs: 0

JNI global refs memory usage: 0, weak refs: 0

Process memory usage:
Resident Set Size: 12836K (0% of 14566796K total physical memory with 1760668K free physical memory)

OOME stack traces (most recent first):
Classloader memory used:

---------------  S Y S T E M  ---------------

OS:
 Windows 11 , 64 bit Build 26100 (10.0.26100.3037)
OS uptime: 0 days 4:59 hours
Hyper-V role detected

CPU: total 12 (initial active 12) (12 cores per cpu, 2 threads per core) family 25 model 80 stepping 0 microcode 0xa50000d, cx8, cmov, fxsr, ht, mmx, 3dnowpref, sse, sse2, sse3, ssse3, sse4a, sse4.1, sse4.2, popcnt, lzcnt, tsc, tscinvbit, avx, avx2, aes, erms, clmul, bmi1, bmi2, adx, sha, fma, vzeroupper, clflush, clflushopt, hv, rdtscp, rdpid, fsrm, f16c, cet_ss
Processor Information for all 12 processors :
  Max Mhz: 3901, Current Mhz: 3901, Mhz Limit: 3901

Memory: 4k page, system-wide physical 14225M (1719M free)
TotalPageFile size 21321M (AvailPageFile size 88M)
current process WorkingSet (physical memory assigned to process): 12M, peak: 12M
current process commit charge ("private bytes"): 64M, peak: 288M

vm_info: OpenJDK 64-Bit Server VM (21.0.4+-12508038-b607.1) for windows-amd64 JRE (21.0.4+-12508038-b607.1), built on 2024-10-16T17:23:34Z by "builder" with MS VC++ 16.10 / 16.11 (VS2019)

END.
